{"Z:\\home\\pi\\www\\formularz\\Form\\script.js":{"path":"Z:\\home\\pi\\www\\formularz\\Form\\script.js","s":{"1":1,"2":1,"3":1,"4":1,"5":1,"6":1,"7":1,"8":1,"9":0,"10":0,"11":0,"12":0,"13":0,"14":0,"15":0,"16":0,"17":0,"18":0,"19":0,"20":0,"21":0,"22":0,"23":0,"24":0,"25":1,"26":4,"27":2,"28":2,"29":1,"30":8,"31":2,"32":6,"33":2,"34":4,"35":1,"36":4,"37":2,"38":2,"39":2,"40":0,"41":1,"42":4,"43":2,"44":2,"45":1,"46":6,"47":2,"48":4,"49":2,"50":2,"51":1,"52":6,"53":2,"54":4,"55":2,"56":2,"57":1,"58":6,"59":2,"60":4,"61":2,"62":2,"63":1,"64":4,"65":4,"66":1,"67":0,"68":0,"69":0,"70":0,"71":0,"72":0,"73":0,"74":0,"75":0,"76":0,"77":0,"78":0,"79":0,"80":0,"81":0,"82":0,"83":0,"84":0,"85":0,"86":0,"87":0,"88":0,"89":0,"90":0,"91":0,"92":0,"93":0,"94":0,"95":0,"96":0,"97":0,"98":0,"99":0,"100":0,"101":0,"102":0,"103":0,"104":1},"b":{"1":[0,0],"2":[2,2],"3":[2,6],"4":[2,4],"5":[2,2],"6":[2,0],"7":[2,2],"8":[2,4],"9":[2,2],"10":[2,4],"11":[2,2],"12":[2,4],"13":[2,2],"14":[0,0],"15":[0,0],"16":[0,0],"17":[0,0],"18":[0,0],"19":[0,0],"20":[0,0],"21":[0,0],"22":[0,0],"23":[0,0],"24":[0,0],"25":[0,0],"26":[0,0],"27":[0,0],"28":[0,0]},"f":{"1":0,"2":4,"3":8,"4":4,"5":4,"6":6,"7":6,"8":6,"9":4,"10":0},"fnMap":{"1":{"name":"sprawdzFormularz_1","line":15,"loc":{"start":{"line":15,"column":0},"end":{"line":15,"column":29}}},"2":{"name":"sex_f","line":47,"loc":{"start":{"line":47,"column":0},"end":{"line":47,"column":20}}},"3":{"name":"name_f","line":55,"loc":{"start":{"line":55,"column":0},"end":{"line":55,"column":21}}},"4":{"name":"last_name_f","line":68,"loc":{"start":{"line":68,"column":0},"end":{"line":68,"column":26}}},"5":{"name":"adress_f","line":81,"loc":{"start":{"line":81,"column":0},"end":{"line":81,"column":23}}},"6":{"name":"number_album_f","line":89,"loc":{"start":{"line":89,"column":0},"end":{"line":89,"column":29}}},"7":{"name":"field_f","line":102,"loc":{"start":{"line":102,"column":0},"end":{"line":102,"column":22}}},"8":{"name":"email_f","line":115,"loc":{"start":{"line":115,"column":0},"end":{"line":115,"column":22}}},"9":{"name":"validateEmail","line":128,"loc":{"start":{"line":128,"column":0},"end":{"line":128,"column":30}}},"10":{"name":"updateDone","line":133,"loc":{"start":{"line":133,"column":0},"end":{"line":133,"column":21}}}},"statementMap":{"1":{"start":{"line":1,"column":0},"end":{"line":1,"column":12}},"2":{"start":{"line":2,"column":0},"end":{"line":2,"column":13}},"3":{"start":{"line":3,"column":0},"end":{"line":3,"column":18}},"4":{"start":{"line":4,"column":0},"end":{"line":4,"column":15}},"5":{"start":{"line":5,"column":0},"end":{"line":5,"column":21}},"6":{"start":{"line":6,"column":0},"end":{"line":6,"column":14}},"7":{"start":{"line":7,"column":0},"end":{"line":7,"column":14}},"8":{"start":{"line":15,"column":0},"end":{"line":45,"column":1}},"9":{"start":{"line":16,"column":4},"end":{"line":16,"column":17}},"10":{"start":{"line":17,"column":4},"end":{"line":17,"column":35}},"11":{"start":{"line":19,"column":1},"end":{"line":21,"column":2}},"12":{"start":{"line":20,"column":2},"end":{"line":20,"column":73}},"13":{"start":{"line":23,"column":4},"end":{"line":23,"column":69}},"14":{"start":{"line":24,"column":4},"end":{"line":24,"column":84}},"15":{"start":{"line":25,"column":4},"end":{"line":25,"column":75}},"16":{"start":{"line":26,"column":4},"end":{"line":26,"column":93}},"17":{"start":{"line":27,"column":4},"end":{"line":27,"column":72}},"18":{"start":{"line":28,"column":4},"end":{"line":28,"column":72}},"19":{"start":{"line":31,"column":4},"end":{"line":38,"column":26}},"20":{"start":{"line":40,"column":4},"end":{"line":40,"column":27}},"21":{"start":{"line":41,"column":4},"end":{"line":41,"column":44}},"22":{"start":{"line":42,"column":4},"end":{"line":42,"column":36}},"23":{"start":{"line":43,"column":4},"end":{"line":43,"column":82}},"24":{"start":{"line":44,"column":4},"end":{"line":44,"column":28}},"25":{"start":{"line":47,"column":0},"end":{"line":53,"column":1}},"26":{"start":{"line":48,"column":4},"end":{"line":52,"column":5}},"27":{"start":{"line":49,"column":8},"end":{"line":49,"column":17}},"28":{"start":{"line":51,"column":8},"end":{"line":51,"column":19}},"29":{"start":{"line":55,"column":0},"end":{"line":66,"column":1}},"30":{"start":{"line":56,"column":4},"end":{"line":65,"column":5}},"31":{"start":{"line":57,"column":8},"end":{"line":57,"column":17}},"32":{"start":{"line":59,"column":8},"end":{"line":63,"column":9}},"33":{"start":{"line":60,"column":12},"end":{"line":60,"column":23}},"34":{"start":{"line":62,"column":12},"end":{"line":62,"column":21}},"35":{"start":{"line":68,"column":0},"end":{"line":79,"column":1}},"36":{"start":{"line":69,"column":4},"end":{"line":78,"column":5}},"37":{"start":{"line":70,"column":8},"end":{"line":70,"column":17}},"38":{"start":{"line":72,"column":8},"end":{"line":76,"column":9}},"39":{"start":{"line":73,"column":12},"end":{"line":73,"column":23}},"40":{"start":{"line":75,"column":12},"end":{"line":75,"column":21}},"41":{"start":{"line":81,"column":0},"end":{"line":87,"column":1}},"42":{"start":{"line":82,"column":4},"end":{"line":86,"column":5}},"43":{"start":{"line":83,"column":8},"end":{"line":83,"column":17}},"44":{"start":{"line":85,"column":8},"end":{"line":85,"column":19}},"45":{"start":{"line":89,"column":0},"end":{"line":100,"column":1}},"46":{"start":{"line":90,"column":4},"end":{"line":99,"column":5}},"47":{"start":{"line":91,"column":8},"end":{"line":91,"column":17}},"48":{"start":{"line":93,"column":8},"end":{"line":97,"column":9}},"49":{"start":{"line":94,"column":12},"end":{"line":94,"column":23}},"50":{"start":{"line":96,"column":12},"end":{"line":96,"column":21}},"51":{"start":{"line":102,"column":0},"end":{"line":113,"column":1}},"52":{"start":{"line":103,"column":4},"end":{"line":112,"column":5}},"53":{"start":{"line":104,"column":8},"end":{"line":104,"column":17}},"54":{"start":{"line":106,"column":8},"end":{"line":110,"column":9}},"55":{"start":{"line":107,"column":12},"end":{"line":107,"column":23}},"56":{"start":{"line":109,"column":12},"end":{"line":109,"column":21}},"57":{"start":{"line":115,"column":0},"end":{"line":126,"column":1}},"58":{"start":{"line":116,"column":4},"end":{"line":125,"column":5}},"59":{"start":{"line":117,"column":8},"end":{"line":117,"column":17}},"60":{"start":{"line":119,"column":8},"end":{"line":123,"column":9}},"61":{"start":{"line":120,"column":12},"end":{"line":120,"column":23}},"62":{"start":{"line":122,"column":12},"end":{"line":122,"column":21}},"63":{"start":{"line":128,"column":0},"end":{"line":131,"column":1}},"64":{"start":{"line":129,"column":4},"end":{"line":129,"column":166}},"65":{"start":{"line":130,"column":4},"end":{"line":130,"column":26}},"66":{"start":{"line":133,"column":0},"end":{"line":195,"column":1}},"67":{"start":{"line":134,"column":4},"end":{"line":194,"column":5}},"68":{"start":{"line":137,"column":2},"end":{"line":137,"column":73}},"69":{"start":{"line":138,"column":3},"end":{"line":138,"column":119}},"70":{"start":{"line":139,"column":3},"end":{"line":139,"column":128}},"71":{"start":{"line":141,"column":3},"end":{"line":145,"column":4}},"72":{"start":{"line":142,"column":4},"end":{"line":142,"column":59}},"73":{"start":{"line":144,"column":4},"end":{"line":144,"column":56}},"74":{"start":{"line":147,"column":2},"end":{"line":153,"column":3}},"75":{"start":{"line":148,"column":3},"end":{"line":148,"column":59}},"76":{"start":{"line":149,"column":8},"end":{"line":153,"column":3}},"77":{"start":{"line":150,"column":3},"end":{"line":150,"column":59}},"78":{"start":{"line":152,"column":3},"end":{"line":152,"column":56}},"79":{"start":{"line":155,"column":2},"end":{"line":161,"column":3}},"80":{"start":{"line":156,"column":3},"end":{"line":156,"column":64}},"81":{"start":{"line":157,"column":8},"end":{"line":161,"column":3}},"82":{"start":{"line":158,"column":3},"end":{"line":158,"column":64}},"83":{"start":{"line":160,"column":3},"end":{"line":160,"column":61}},"84":{"start":{"line":163,"column":2},"end":{"line":169,"column":3}},"85":{"start":{"line":164,"column":3},"end":{"line":164,"column":61}},"86":{"start":{"line":165,"column":8},"end":{"line":169,"column":3}},"87":{"start":{"line":166,"column":3},"end":{"line":166,"column":61}},"88":{"start":{"line":168,"column":3},"end":{"line":168,"column":58}},"89":{"start":{"line":171,"column":2},"end":{"line":177,"column":3}},"90":{"start":{"line":172,"column":3},"end":{"line":172,"column":67}},"91":{"start":{"line":173,"column":8},"end":{"line":177,"column":3}},"92":{"start":{"line":174,"column":3},"end":{"line":174,"column":67}},"93":{"start":{"line":176,"column":3},"end":{"line":176,"column":64}},"94":{"start":{"line":179,"column":2},"end":{"line":185,"column":3}},"95":{"start":{"line":180,"column":3},"end":{"line":180,"column":60}},"96":{"start":{"line":181,"column":8},"end":{"line":185,"column":3}},"97":{"start":{"line":182,"column":3},"end":{"line":182,"column":60}},"98":{"start":{"line":184,"column":3},"end":{"line":184,"column":57}},"99":{"start":{"line":187,"column":2},"end":{"line":193,"column":3}},"100":{"start":{"line":188,"column":3},"end":{"line":188,"column":60}},"101":{"start":{"line":189,"column":8},"end":{"line":193,"column":3}},"102":{"start":{"line":190,"column":3},"end":{"line":190,"column":60}},"103":{"start":{"line":192,"column":3},"end":{"line":192,"column":57}},"104":{"start":{"line":197,"column":0},"end":{"line":205,"column":2}}},"branchMap":{"1":{"line":19,"type":"if","locations":[{"start":{"line":19,"column":1},"end":{"line":19,"column":1}},{"start":{"line":19,"column":1},"end":{"line":19,"column":1}}]},"2":{"line":48,"type":"if","locations":[{"start":{"line":48,"column":4},"end":{"line":48,"column":4}},{"start":{"line":48,"column":4},"end":{"line":48,"column":4}}]},"3":{"line":56,"type":"if","locations":[{"start":{"line":56,"column":4},"end":{"line":56,"column":4}},{"start":{"line":56,"column":4},"end":{"line":56,"column":4}}]},"4":{"line":59,"type":"if","locations":[{"start":{"line":59,"column":8},"end":{"line":59,"column":8}},{"start":{"line":59,"column":8},"end":{"line":59,"column":8}}]},"5":{"line":69,"type":"if","locations":[{"start":{"line":69,"column":4},"end":{"line":69,"column":4}},{"start":{"line":69,"column":4},"end":{"line":69,"column":4}}]},"6":{"line":72,"type":"if","locations":[{"start":{"line":72,"column":8},"end":{"line":72,"column":8}},{"start":{"line":72,"column":8},"end":{"line":72,"column":8}}]},"7":{"line":82,"type":"if","locations":[{"start":{"line":82,"column":4},"end":{"line":82,"column":4}},{"start":{"line":82,"column":4},"end":{"line":82,"column":4}}]},"8":{"line":90,"type":"if","locations":[{"start":{"line":90,"column":4},"end":{"line":90,"column":4}},{"start":{"line":90,"column":4},"end":{"line":90,"column":4}}]},"9":{"line":93,"type":"if","locations":[{"start":{"line":93,"column":8},"end":{"line":93,"column":8}},{"start":{"line":93,"column":8},"end":{"line":93,"column":8}}]},"10":{"line":103,"type":"if","locations":[{"start":{"line":103,"column":4},"end":{"line":103,"column":4}},{"start":{"line":103,"column":4},"end":{"line":103,"column":4}}]},"11":{"line":106,"type":"if","locations":[{"start":{"line":106,"column":8},"end":{"line":106,"column":8}},{"start":{"line":106,"column":8},"end":{"line":106,"column":8}}]},"12":{"line":116,"type":"if","locations":[{"start":{"line":116,"column":4},"end":{"line":116,"column":4}},{"start":{"line":116,"column":4},"end":{"line":116,"column":4}}]},"13":{"line":119,"type":"if","locations":[{"start":{"line":119,"column":8},"end":{"line":119,"column":8}},{"start":{"line":119,"column":8},"end":{"line":119,"column":8}}]},"14":{"line":134,"type":"if","locations":[{"start":{"line":134,"column":4},"end":{"line":134,"column":4}},{"start":{"line":134,"column":4},"end":{"line":134,"column":4}}]},"15":{"line":134,"type":"binary-expr","locations":[{"start":{"line":134,"column":7},"end":{"line":134,"column":30}},{"start":{"line":134,"column":34},"end":{"line":134,"column":55}}]},"16":{"line":141,"type":"if","locations":[{"start":{"line":141,"column":3},"end":{"line":141,"column":3}},{"start":{"line":141,"column":3},"end":{"line":141,"column":3}}]},"17":{"line":147,"type":"if","locations":[{"start":{"line":147,"column":2},"end":{"line":147,"column":2}},{"start":{"line":147,"column":2},"end":{"line":147,"column":2}}]},"18":{"line":149,"type":"if","locations":[{"start":{"line":149,"column":8},"end":{"line":149,"column":8}},{"start":{"line":149,"column":8},"end":{"line":149,"column":8}}]},"19":{"line":155,"type":"if","locations":[{"start":{"line":155,"column":2},"end":{"line":155,"column":2}},{"start":{"line":155,"column":2},"end":{"line":155,"column":2}}]},"20":{"line":157,"type":"if","locations":[{"start":{"line":157,"column":8},"end":{"line":157,"column":8}},{"start":{"line":157,"column":8},"end":{"line":157,"column":8}}]},"21":{"line":163,"type":"if","locations":[{"start":{"line":163,"column":2},"end":{"line":163,"column":2}},{"start":{"line":163,"column":2},"end":{"line":163,"column":2}}]},"22":{"line":165,"type":"if","locations":[{"start":{"line":165,"column":8},"end":{"line":165,"column":8}},{"start":{"line":165,"column":8},"end":{"line":165,"column":8}}]},"23":{"line":171,"type":"if","locations":[{"start":{"line":171,"column":2},"end":{"line":171,"column":2}},{"start":{"line":171,"column":2},"end":{"line":171,"column":2}}]},"24":{"line":173,"type":"if","locations":[{"start":{"line":173,"column":8},"end":{"line":173,"column":8}},{"start":{"line":173,"column":8},"end":{"line":173,"column":8}}]},"25":{"line":179,"type":"if","locations":[{"start":{"line":179,"column":2},"end":{"line":179,"column":2}},{"start":{"line":179,"column":2},"end":{"line":179,"column":2}}]},"26":{"line":181,"type":"if","locations":[{"start":{"line":181,"column":8},"end":{"line":181,"column":8}},{"start":{"line":181,"column":8},"end":{"line":181,"column":8}}]},"27":{"line":187,"type":"if","locations":[{"start":{"line":187,"column":2},"end":{"line":187,"column":2}},{"start":{"line":187,"column":2},"end":{"line":187,"column":2}}]},"28":{"line":189,"type":"if","locations":[{"start":{"line":189,"column":8},"end":{"line":189,"column":8}},{"start":{"line":189,"column":8},"end":{"line":189,"column":8}}]}}}}