TN:
SF:Z:\home\pi\www\formularz\Form\script.js
FN:15,sprawdzFormularz_1
FN:47,sex_f
FN:55,name_f
FN:68,last_name_f
FN:81,adress_f
FN:89,number_album_f
FN:102,field_f
FN:115,email_f
FN:128,validateEmail
FN:133,updateDone
FNF:10
FNH:8
FNDA:0,sprawdzFormularz_1
FNDA:4,sex_f
FNDA:8,name_f
FNDA:4,last_name_f
FNDA:4,adress_f
FNDA:6,number_album_f
FNDA:6,field_f
FNDA:6,email_f
FNDA:4,validateEmail
FNDA:0,updateDone
DA:1,1
DA:2,1
DA:3,1
DA:4,1
DA:5,1
DA:6,1
DA:7,1
DA:15,1
DA:16,0
DA:17,0
DA:19,0
DA:20,0
DA:23,0
DA:24,0
DA:25,0
DA:26,0
DA:27,0
DA:28,0
DA:31,0
DA:40,0
DA:41,0
DA:42,0
DA:43,0
DA:44,0
DA:47,1
DA:48,4
DA:49,2
DA:51,2
DA:55,1
DA:56,8
DA:57,2
DA:59,6
DA:60,2
DA:62,4
DA:68,1
DA:69,4
DA:70,2
DA:72,2
DA:73,2
DA:75,0
DA:81,1
DA:82,4
DA:83,2
DA:85,2
DA:89,1
DA:90,6
DA:91,2
DA:93,4
DA:94,2
DA:96,2
DA:102,1
DA:103,6
DA:104,2
DA:106,4
DA:107,2
DA:109,2
DA:115,1
DA:116,6
DA:117,2
DA:119,4
DA:120,2
DA:122,2
DA:128,1
DA:129,4
DA:130,4
DA:133,1
DA:134,0
DA:137,0
DA:138,0
DA:139,0
DA:141,0
DA:142,0
DA:144,0
DA:147,0
DA:148,0
DA:149,0
DA:150,0
DA:152,0
DA:155,0
DA:156,0
DA:157,0
DA:158,0
DA:160,0
DA:163,0
DA:164,0
DA:165,0
DA:166,0
DA:168,0
DA:171,0
DA:172,0
DA:173,0
DA:174,0
DA:176,0
DA:179,0
DA:180,0
DA:181,0
DA:182,0
DA:184,0
DA:187,0
DA:188,0
DA:189,0
DA:190,0
DA:192,0
DA:197,1
LF:104
LH:50
BRDA:19,1,0,0
BRDA:19,1,1,0
BRDA:48,2,0,2
BRDA:48,2,1,2
BRDA:56,3,0,2
BRDA:56,3,1,6
BRDA:59,4,0,2
BRDA:59,4,1,4
BRDA:69,5,0,2
BRDA:69,5,1,2
BRDA:72,6,0,2
BRDA:72,6,1,0
BRDA:82,7,0,2
BRDA:82,7,1,2
BRDA:90,8,0,2
BRDA:90,8,1,4
BRDA:93,9,0,2
BRDA:93,9,1,2
BRDA:103,10,0,2
BRDA:103,10,1,4
BRDA:106,11,0,2
BRDA:106,11,1,2
BRDA:116,12,0,2
BRDA:116,12,1,4
BRDA:119,13,0,2
BRDA:119,13,1,2
BRDA:134,14,0,0
BRDA:134,14,1,0
BRDA:134,15,0,0
BRDA:134,15,1,0
BRDA:141,16,0,0
BRDA:141,16,1,0
BRDA:147,17,0,0
BRDA:147,17,1,0
BRDA:149,18,0,0
BRDA:149,18,1,0
BRDA:155,19,0,0
BRDA:155,19,1,0
BRDA:157,20,0,0
BRDA:157,20,1,0
BRDA:163,21,0,0
BRDA:163,21,1,0
BRDA:165,22,0,0
BRDA:165,22,1,0
BRDA:171,23,0,0
BRDA:171,23,1,0
BRDA:173,24,0,0
BRDA:173,24,1,0
BRDA:179,25,0,0
BRDA:179,25,1,0
BRDA:181,26,0,0
BRDA:181,26,1,0
BRDA:187,27,0,0
BRDA:187,27,1,0
BRDA:189,28,0,0
BRDA:189,28,1,0
BRF:56
BRH:23
end_of_record
